  IDirect3D9Ex.cpp
  IDirect3DCubeTexture9.cpp
  IDirect3DDevice9Ex.cpp
  IDirect3DIndexBuffer9.cpp
  IDirect3DPixelShader9.cpp
  IDirect3DQuery9.cpp
  IDirect3DStateBlock9.cpp
  IDirect3DSurface9.cpp
  IDirect3DSwapChain9Ex.cpp
  IDirect3DTexture9.cpp
  IDirect3DVertexBuffer9.cpp
  IDirect3DVertexDeclaration9.cpp
  IDirect3DVertexShader9.cpp
  IDirect3DVolume9.cpp
  IDirect3DVolumeTexture9.cpp
  InterfaceQuery.cpp
  dllmain.cpp
G:\d3d9-wrapper-master (1)\d3d9-wrapper-master\source\dllmain.cpp(638,25): warning C4838: conversion from 'FLOAT' to 'LONG' requires a narrowing conversion
G:\d3d9-wrapper-master (1)\d3d9-wrapper-master\source\dllmain.cpp(638,25): warning C4244: 'initializing': conversion from 'FLOAT' to 'LONG', possible loss of data
G:\d3d9-wrapper-master (1)\d3d9-wrapper-master\source\dllmain.cpp(638,30): warning C4838: conversion from 'FLOAT' to 'LONG' requires a narrowing conversion
G:\d3d9-wrapper-master (1)\d3d9-wrapper-master\source\dllmain.cpp(638,30): warning C4244: 'initializing': conversion from 'FLOAT' to 'LONG', possible loss of data
G:\d3d9-wrapper-master (1)\d3d9-wrapper-master\source\dllmain.cpp(638,35): warning C4838: conversion from 'FLOAT' to 'LONG' requires a narrowing conversion
G:\d3d9-wrapper-master (1)\d3d9-wrapper-master\source\dllmain.cpp(638,35): warning C4244: 'initializing': conversion from 'FLOAT' to 'LONG', possible loss of data
G:\d3d9-wrapper-master (1)\d3d9-wrapper-master\source\dllmain.cpp(638,47): warning C4838: conversion from 'FLOAT' to 'LONG' requires a narrowing conversion
G:\d3d9-wrapper-master (1)\d3d9-wrapper-master\source\dllmain.cpp(638,47): warning C4244: 'initializing': conversion from 'FLOAT' to 'LONG', possible loss of data
G:\d3d9-wrapper-master (1)\d3d9-wrapper-master\source\dllmain.cpp(639,23): warning C4838: conversion from 'FLOAT' to 'LONG' requires a narrowing conversion
G:\d3d9-wrapper-master (1)\d3d9-wrapper-master\source\dllmain.cpp(639,23): warning C4244: 'initializing': conversion from 'FLOAT' to 'LONG', possible loss of data
G:\d3d9-wrapper-master (1)\d3d9-wrapper-master\source\dllmain.cpp(639,28): warning C4838: conversion from 'FLOAT' to 'LONG' requires a narrowing conversion
G:\d3d9-wrapper-master (1)\d3d9-wrapper-master\source\dllmain.cpp(639,28): warning C4244: 'initializing': conversion from 'FLOAT' to 'LONG', possible loss of data
G:\d3d9-wrapper-master (1)\d3d9-wrapper-master\source\dllmain.cpp(639,35): warning C4838: conversion from 'FLOAT' to 'LONG' requires a narrowing conversion
G:\d3d9-wrapper-master (1)\d3d9-wrapper-master\source\dllmain.cpp(639,35): warning C4244: 'initializing': conversion from 'FLOAT' to 'LONG', possible loss of data
G:\d3d9-wrapper-master (1)\d3d9-wrapper-master\source\dllmain.cpp(639,47): warning C4838: conversion from 'FLOAT' to 'LONG' requires a narrowing conversion
G:\d3d9-wrapper-master (1)\d3d9-wrapper-master\source\dllmain.cpp(639,47): warning C4244: 'initializing': conversion from 'FLOAT' to 'LONG', possible loss of data
G:\d3d9-wrapper-master (1)\d3d9-wrapper-master\source\dllmain.cpp(640,25): warning C4838: conversion from 'FLOAT' to 'LONG' requires a narrowing conversion
G:\d3d9-wrapper-master (1)\d3d9-wrapper-master\source\dllmain.cpp(640,25): warning C4244: 'initializing': conversion from 'FLOAT' to 'LONG', possible loss of data
G:\d3d9-wrapper-master (1)\d3d9-wrapper-master\source\dllmain.cpp(640,30): warning C4838: conversion from 'FLOAT' to 'LONG' requires a narrowing conversion
G:\d3d9-wrapper-master (1)\d3d9-wrapper-master\source\dllmain.cpp(640,30): warning C4244: 'initializing': conversion from 'FLOAT' to 'LONG', possible loss of data
G:\d3d9-wrapper-master (1)\d3d9-wrapper-master\source\dllmain.cpp(640,35): warning C4838: conversion from 'FLOAT' to 'LONG' requires a narrowing conversion
G:\d3d9-wrapper-master (1)\d3d9-wrapper-master\source\dllmain.cpp(640,35): warning C4244: 'initializing': conversion from 'FLOAT' to 'LONG', possible loss of data
G:\d3d9-wrapper-master (1)\d3d9-wrapper-master\source\dllmain.cpp(640,47): warning C4838: conversion from 'FLOAT' to 'LONG' requires a narrowing conversion
G:\d3d9-wrapper-master (1)\d3d9-wrapper-master\source\dllmain.cpp(640,47): warning C4244: 'initializing': conversion from 'FLOAT' to 'LONG', possible loss of data
G:\d3d9-wrapper-master (1)\d3d9-wrapper-master\source\dllmain.cpp(641,23): warning C4838: conversion from 'FLOAT' to 'LONG' requires a narrowing conversion
G:\d3d9-wrapper-master (1)\d3d9-wrapper-master\source\dllmain.cpp(641,23): warning C4244: 'initializing': conversion from 'FLOAT' to 'LONG', possible loss of data
G:\d3d9-wrapper-master (1)\d3d9-wrapper-master\source\dllmain.cpp(641,28): warning C4838: conversion from 'FLOAT' to 'LONG' requires a narrowing conversion
G:\d3d9-wrapper-master (1)\d3d9-wrapper-master\source\dllmain.cpp(641,28): warning C4244: 'initializing': conversion from 'FLOAT' to 'LONG', possible loss of data
G:\d3d9-wrapper-master (1)\d3d9-wrapper-master\source\dllmain.cpp(641,35): warning C4838: conversion from 'FLOAT' to 'LONG' requires a narrowing conversion
G:\d3d9-wrapper-master (1)\d3d9-wrapper-master\source\dllmain.cpp(641,35): warning C4244: 'initializing': conversion from 'FLOAT' to 'LONG', possible loss of data
G:\d3d9-wrapper-master (1)\d3d9-wrapper-master\source\dllmain.cpp(641,47): warning C4838: conversion from 'FLOAT' to 'LONG' requires a narrowing conversion
G:\d3d9-wrapper-master (1)\d3d9-wrapper-master\source\dllmain.cpp(641,47): warning C4244: 'initializing': conversion from 'FLOAT' to 'LONG', possible loss of data
G:\d3d9-wrapper-master (1)\d3d9-wrapper-master\source\dllmain.cpp(642,23): warning C4838: conversion from 'FLOAT' to 'LONG' requires a narrowing conversion
G:\d3d9-wrapper-master (1)\d3d9-wrapper-master\source\dllmain.cpp(642,23): warning C4244: 'initializing': conversion from 'FLOAT' to 'LONG', possible loss of data
G:\d3d9-wrapper-master (1)\d3d9-wrapper-master\source\dllmain.cpp(642,26): warning C4838: conversion from 'FLOAT' to 'LONG' requires a narrowing conversion
G:\d3d9-wrapper-master (1)\d3d9-wrapper-master\source\dllmain.cpp(642,26): warning C4244: 'initializing': conversion from 'FLOAT' to 'LONG', possible loss of data
G:\d3d9-wrapper-master (1)\d3d9-wrapper-master\source\dllmain.cpp(642,31): warning C4838: conversion from 'FLOAT' to 'LONG' requires a narrowing conversion
G:\d3d9-wrapper-master (1)\d3d9-wrapper-master\source\dllmain.cpp(642,31): warning C4244: 'initializing': conversion from 'FLOAT' to 'LONG', possible loss of data
G:\d3d9-wrapper-master (1)\d3d9-wrapper-master\source\dllmain.cpp(642,43): warning C4838: conversion from 'FLOAT' to 'LONG' requires a narrowing conversion
G:\d3d9-wrapper-master (1)\d3d9-wrapper-master\source\dllmain.cpp(642,43): warning C4244: 'initializing': conversion from 'FLOAT' to 'LONG', possible loss of data
G:\d3d9-wrapper-master (1)\d3d9-wrapper-master\source\dllmain.cpp(633,17): warning C4996: '_vsnprintf': This function or variable may be unsafe. Consider using _vsnprintf_s instead. To disable deprecation, use _CRT_SECURE_NO_WARNINGS. See online help for details.
G:\d3d9-wrapper-master (1)\d3d9-wrapper-master\source\dllmain.cpp(658,44): warning C4244: 'argument': conversion from 'int' to 'FLOAT', possible loss of data
G:\d3d9-wrapper-master (1)\d3d9-wrapper-master\source\dllmain.cpp(1538,17): warning C4996: 'strcpy': This function or variable may be unsafe. Consider using strcpy_s instead. To disable deprecation, use _CRT_SECURE_NO_WARNINGS. See online help for details.
  mem.cpp
  Generating Code...
     Creating library ..\data\d3d9.lib and object ..\data\d3d9.exp
  d3d9-wrapper.vcxproj -> G:\d3d9-wrapper-master (1)\d3d9-wrapper-master\data\d3d9.dll
